<?xml version="1.0" encoding="UTF-8"?>
<!-- Generated by org.testng.reporters.JUnitReportReporter -->
<testsuite skipped="0" hostname="DESKTOP-D69MGO4" name="test.Logintest" tests="1" failures="0" timestamp="28 May 2021 03:18:57 GMT" time="4.159" errors="0">
  <testcase name="validUserShouldBeAbleToLogin" time="4.159" classname="test.Logintest"/>
</testsuite> <!-- test.Logintest -->
